<?xml version="1.0" encoding="UTF-8"?>
<!-- Generated by org.testng.reporters.JUnitXMLReporter -->
<testsuite ignored="0" hostname="hqr-aabdulkarem" failures="0" tests="23" name="Company Registration" time="1.9" errors="0" timestamp="2022-03-24T12:16:58 AST">
  <testcase classname="CompanyRegistration.CompanyRegistrationTest" name="@BeforeTest launchBrowser" time="0.094">
    <failure type="java.lang.IllegalStateException" message="The driver executable must exist: C:\Users\abdulkarim-c\IdeaProjects\TestNGtmp\..\resources\chromedriver.exe">
      <![CDATA[java.lang.IllegalStateException: The driver executable must exist: C:\Users\abdulkarim-c\IdeaProjects\TestNGtmp\..\resources\chromedriver.exe
at org.openqa.selenium.internal.Require$FileStateChecker.isFile(Require.java:342)
at org.openqa.selenium.remote.service.DriverService.checkExecutable(DriverService.java:147)
at org.openqa.selenium.remote.service.DriverService.findExecutable(DriverService.java:142)
at org.openqa.selenium.chrome.ChromeDriverService.access$000(ChromeDriverService.java:38)
at org.openqa.selenium.chrome.ChromeDriverService$Builder.findDefaultExecutable(ChromeDriverService.java:231)
at org.openqa.selenium.remote.service.DriverService$Builder.build(DriverService.java:437)
at org.openqa.selenium.chrome.ChromeDriverService.createDefaultService(ChromeDriverService.java:127)
at org.openqa.selenium.chrome.ChromeDriver.<init>(ChromeDriver.java:48)
at CompanyRegistration.CompanyRegistrationTest.launchBrowser(CompanyRegistrationTest.java:43)
at Application.App.runTest(App.java:133)
at Application.App.main(App.java:146)
... Removed 21 stack frames]]>
    </failure>
  </testcase> <!-- @BeforeTest launchBrowser -->
  <testcase classname="CompanyRegistration.CompanyRegistrationTest" name="verifyCompanyRegistrationLabels" time="0.0">
    <skipped/>
  </testcase> <!-- verifyCompanyRegistrationLabels -->
  <testcase classname="CompanyRegistration.CompanyRegistrationTest" name="refreshButtonInCompanyRegistration" time="0.0">
    <skipped/>
  </testcase> <!-- refreshButtonInCompanyRegistration -->
  <testcase classname="CompanyRegistration.CompanyRegistrationTest" name="negativeCompanyRegistration" time="0.0">
    <skipped/>
  </testcase> <!-- negativeCompanyRegistration -->
  <testcase classname="CompanyRegistration.CompanyRegistrationTest" name="positiveCompanyRegistration" time="0.0">
    <skipped/>
  </testcase> <!-- positiveCompanyRegistration -->
  <testcase classname="CompanyRegistration.CompanyRegistrationTest" name="verifyCompanyInformationLabels" time="0.0">
    <skipped/>
  </testcase> <!-- verifyCompanyInformationLabels -->
  <testcase classname="CompanyRegistration.CompanyRegistrationTest" name="negativeCompanyInformationTest" time="0.0">
    <skipped/>
  </testcase> <!-- negativeCompanyInformationTest -->
  <testcase classname="CompanyRegistration.CompanyRegistrationTest" name="positiveCompanyInformationTest" time="0.0">
    <skipped/>
  </testcase> <!-- positiveCompanyInformationTest -->
  <testcase classname="CompanyRegistration.CompanyRegistrationTest" name="branchDetailsNegativeTest" time="0.0">
    <skipped/>
  </testcase> <!-- branchDetailsNegativeTest -->
  <testcase classname="CompanyRegistration.CompanyRegistrationTest" name="branchDetailsPositiveTest" time="0.0">
    <skipped/>
  </testcase> <!-- branchDetailsPositiveTest -->
  <testcase classname="CompanyRegistration.CompanyRegistrationTest" name="activityDetailsNegativeTest" time="0.0">
    <skipped/>
  </testcase> <!-- activityDetailsNegativeTest -->
  <testcase classname="CompanyRegistration.CompanyRegistrationTest" name="activityDetailsPositiveTest" time="0.0">
    <skipped/>
  </testcase> <!-- activityDetailsPositiveTest -->
  <testcase classname="CompanyRegistration.CompanyRegistrationTest" name="addressDetailsNegativeTest" time="0.0">
    <skipped/>
  </testcase> <!-- addressDetailsNegativeTest -->
  <testcase classname="CompanyRegistration.CompanyRegistrationTest" name="addressDetailsPositiveTest" time="0.0">
    <skipped/>
  </testcase> <!-- addressDetailsPositiveTest -->
  <testcase classname="CompanyRegistration.CompanyRegistrationTest" name="contactPersonNegativeTest" time="0.0">
    <skipped/>
  </testcase> <!-- contactPersonNegativeTest -->
  <testcase classname="CompanyRegistration.CompanyRegistrationTest" name="contactPersonPositiveTest" time="0.0">
    <skipped/>
  </testcase> <!-- contactPersonPositiveTest -->
  <testcase classname="CompanyRegistration.CompanyRegistrationTest" name="negativeShareholderPercentageDetails" time="0.0">
    <skipped/>
  </testcase> <!-- negativeShareholderPercentageDetails -->
  <testcase classname="CompanyRegistration.CompanyRegistrationTest" name="positiveShareholderPercentageDetails" time="0.0">
    <skipped/>
  </testcase> <!-- positiveShareholderPercentageDetails -->
  <testcase classname="CompanyRegistration.CompanyRegistrationTest" name="shareholderDetailsNegative" time="0.0">
    <skipped/>
  </testcase> <!-- shareholderDetailsNegative -->
  <testcase classname="CompanyRegistration.CompanyRegistrationTest" name="shareholderDetailsPositive" time="0.0">
    <skipped/>
  </testcase> <!-- shareholderDetailsPositive -->
  <testcase classname="CompanyRegistration.CompanyRegistrationTest" name="communicationDetailsPositive" time="0.0">
    <skipped/>
  </testcase> <!-- communicationDetailsPositive -->
  <testcase classname="CompanyRegistration.CompanyRegistrationTest" name="positive_financialDetails" time="0.0">
    <skipped/>
  </testcase> <!-- positive_financialDetails -->
  <testcase classname="CompanyRegistration.CompanyRegistrationTest" name="positivePasswordTest" time="0.0">
    <skipped/>
  </testcase> <!-- positivePasswordTest -->
  <testcase classname="CompanyRegistration.CompanyRegistrationTest" name="acknowledgmentTest" time="0.0">
    <skipped/>
  </testcase> <!-- acknowledgmentTest -->
</testsuite> <!-- Company Registration -->
