<?xml version="1.0" encoding="UTF-8"?>
<!-- Generated by org.testng.reporters.JUnitXMLReporter -->
<testsuite ignored="4" hostname="hqr-aabdulkarem" failures="0" tests="1" name="TmpTest" time="9.579" errors="0" timestamp="2022-03-27T12:01:32 AST">
  <testcase classname="tmp.TmpTest" name="test" time="0.0"/>
  <testcase classname="tmp.TmpTest" name="firstGroup" time="0.0">
    <ignored/>
  </testcase> <!-- firstGroup -->
  <testcase classname="tmp.TmpTest" name="test" time="0.0">
    <ignored/>
  </testcase> <!-- test -->
  <testcase classname="tmp.TmpTest" name="secondGroup" time="0.0">
    <ignored/>
  </testcase> <!-- secondGroup -->
  <testcase classname="tmp.TmpTest" name="tmp" time="0.0">
    <ignored/>
  </testcase> <!-- tmp -->
</testsuite> <!-- TmpTest -->
