<?xml version="1.0" encoding="UTF-8"?>
<testng-results ignored="4" total="5" passed="1" failed="0" skipped="0">
  <reporter-output>
  </reporter-output>
  <suite started-at="2022-03-27T12:01:22 AST" name="TmpTest" finished-at="2022-03-27T12:01:32 AST" duration-ms="9579">
    <groups>
      <group name="regression">
        <method signature="TmpTest.test()[pri:0, instance:tmp.TmpTest@6166e06f]" name="test" class="tmp.TmpTest"/>
      </group> <!-- regression -->
      <group name="smoke">
        <method signature="TmpTest.test()[pri:0, instance:tmp.TmpTest@6166e06f]" name="test" class="tmp.TmpTest"/>
      </group> <!-- smoke -->
    </groups>
    <test started-at="2022-03-27T12:01:22 AST" name="TmpTest" finished-at="2022-03-27T12:01:32 AST" duration-ms="9579">
      <class name="tmp.TmpTest">
        <test-method is-config="true" signature="launchBrowser()[pri:0, instance:tmp.TmpTest@6166e06f]" started-at="2022-03-27T12:01:22 AST" name="launchBrowser" finished-at="2022-03-27T12:01:32 AST" duration-ms="9545" status="PASS">
          <reporter-output>
          </reporter-output>
        </test-method> <!-- launchBrowser -->
        <test-method signature="test()[pri:0, instance:tmp.TmpTest@6166e06f]" started-at="2022-03-27T12:01:32 AST" name="test" finished-at="2022-03-27T12:01:32 AST" duration-ms="0" status="PASS">
          <reporter-output>
          </reporter-output>
        </test-method> <!-- test -->
      </class> <!-- tmp.TmpTest -->
    </test> <!-- TmpTest -->
  </suite> <!-- TmpTest -->
</testng-results>
